{"level":"error","message":"Can not connect to Redis! ❌ Error: connect ECONNREFUSED 127.0.0.1:6379"}
{"level":"error","message":"Can not connect to Redis! ❌❌ ReferenceError: CLIENT_RENEG_WINDOW is not defined"}
{"level":"error"}
{"level":"error"}
{"level":"error"}
{"level":"error"}
{"level":"error"}
{"level":"error"}
{"level":"error"}
{"level":"error"}
{"level":"error"}
{"level":"error"}
{"level":"error"}
{"level":"error"}
{"level":"error"}
{"level":"error"}
{"level":"error"}
{"level":"error"}
{"level":"error"}
{"level":"error"}
{"level":"error"}
{"level":"error"}
{"level":"error"}
{"level":"error"}
{"level":"error"}
{"level":"error"}
{"level":"error"}
{"level":"error"}
{"level":"error"}
{"level":"error"}
{"level":"error"}
{"level":"error"}
{"level":"error"}
{"level":"error"}
{"level":"error"}
{"level":"error"}
{"level":"error"}
{"level":"error"}
{"level":"error"}
{"level":"error"}
{"level":"error"}
{"level":"error"}
{"level":"error"}
{"level":"error"}
{"level":"error"}
{"level":"error"}
{"level":"error"}
{"level":"error"}
{"level":"error"}
{"level":"error"}
{"level":"error"}
{"level":"error"}
{"level":"error"}
{"level":"error"}
{"level":"error"}
{"level":"error"}
{"level":"error"}
{"level":"error"}
{"level":"error"}
{"level":"error"}
{"level":"error"}
{"level":"error"}
{"level":"error"}
{"level":"error"}
{"level":"error"}
{"level":"error"}
{"level":"error"}
{"level":"error"}
{"level":"error"}
{"level":"error"}
{"level":"error"}
{"level":"error"}
{"level":"error"}
{"level":"error"}
{"level":"error"}
{"level":"error"}
{"level":"error"}
{"level":"error"}
{"level":"error"}
{"level":"error"}
{"level":"error"}
{"level":"error"}
{"level":"error"}
{"level":"error","message":"error socket containerMongoDB is not defined","stack":"ReferenceError: containerMongoDB is not defined\n    at Namespace.<anonymous> (file:///Users/santiagomorera/Desktop/Desafio18TerceraEntregaDelProyactoFinalTypeModule/src/server.js:264:40)\n    at Namespace.emit (node:events:513:28)\n    at Namespace.emitReserved (/Users/santiagomorera/Desktop/Desafio18TerceraEntregaDelProyactoFinalTypeModule/node_modules/socket.io/dist/typed-events.js:56:22)\n    at /Users/santiagomorera/Desktop/Desafio18TerceraEntregaDelProyactoFinalTypeModule/node_modules/socket.io/dist/namespace.js:234:22\n    at process.processTicksAndRejections (node:internal/process/task_queues:77:11)"}
{"level":"error","message":"error socket containerMongoDB is not defined","stack":"ReferenceError: containerMongoDB is not defined\n    at Namespace.<anonymous> (file:///Users/santiagomorera/Desktop/Desafio18TerceraEntregaDelProyactoFinalTypeModule/src/server.js:264:40)\n    at Namespace.emit (node:events:513:28)\n    at Namespace.emitReserved (/Users/santiagomorera/Desktop/Desafio18TerceraEntregaDelProyactoFinalTypeModule/node_modules/socket.io/dist/typed-events.js:56:22)\n    at /Users/santiagomorera/Desktop/Desafio18TerceraEntregaDelProyactoFinalTypeModule/node_modules/socket.io/dist/namespace.js:234:22\n    at process.processTicksAndRejections (node:internal/process/task_queues:77:11)"}
{"level":"error","message":"error socket containerMongoDB is not defined","stack":"ReferenceError: containerMongoDB is not defined\n    at Namespace.<anonymous> (file:///Users/santiagomorera/Desktop/Desafio18TerceraEntregaDelProyactoFinalTypeModule/src/server.js:264:40)\n    at Namespace.emit (node:events:513:28)\n    at Namespace.emitReserved (/Users/santiagomorera/Desktop/Desafio18TerceraEntregaDelProyactoFinalTypeModule/node_modules/socket.io/dist/typed-events.js:56:22)\n    at /Users/santiagomorera/Desktop/Desafio18TerceraEntregaDelProyactoFinalTypeModule/node_modules/socket.io/dist/namespace.js:234:22\n    at process.processTicksAndRejections (node:internal/process/task_queues:77:11)"}
{"level":"error","message":"error socket containerMongoDB is not defined","stack":"ReferenceError: containerMongoDB is not defined\n    at Namespace.<anonymous> (file:///Users/santiagomorera/Desktop/Desafio18TerceraEntregaDelProyactoFinalTypeModule/src/server.js:264:40)\n    at Namespace.emit (node:events:513:28)\n    at Namespace.emitReserved (/Users/santiagomorera/Desktop/Desafio18TerceraEntregaDelProyactoFinalTypeModule/node_modules/socket.io/dist/typed-events.js:56:22)\n    at /Users/santiagomorera/Desktop/Desafio18TerceraEntregaDelProyactoFinalTypeModule/node_modules/socket.io/dist/namespace.js:234:22\n    at process.processTicksAndRejections (node:internal/process/task_queues:77:11)"}
{"level":"error","message":"Can not connect to Redis! ❌ Error: connect ECONNREFUSED ::1:6379"}
